<?xml version="1.0" encoding="UTF-8"?>
<!-- Generated by org.testng.reporters.JUnitReportReporter -->
<testsuite hostname="DESKTOP-K3RQMIE" failures="0" tests="2" name="TestRunner.TestRunner" time="137.080" errors="0" timestamp="2025-08-16T23:09:22 IST" skipped="0">
  <testcase classname="TestRunner.TestRunner" name="runScenario" time="96.179"/>
  <system-out/>
  <testcase classname="TestRunner.TestRunner" name="runScenario" time="40.901"/>
  <system-out/>
</testsuite> <!-- TestRunner.TestRunner -->
